e:\小游戏\c++超级玛丽\c++实现超级玛丽\c++实现超级玛丽\x64\debug\vc143.pdb
e:\小游戏\c++超级玛丽\c++实现超级玛丽\c++实现超级玛丽\x64\debug\vc143.idb
e:\小游戏\c++超级玛丽\c++实现超级玛丽\c++实现超级玛丽\x64\debug\spirits.obj
e:\小游戏\c++超级玛丽\c++实现超级玛丽\c++实现超级玛丽\x64\debug\obstacle.obj
e:\小游戏\c++超级玛丽\c++实现超级玛丽\c++实现超级玛丽\x64\debug\music.obj
e:\小游戏\c++超级玛丽\c++实现超级玛丽\c++实现超级玛丽\x64\debug\mario.obj
e:\小游戏\c++超级玛丽\c++实现超级玛丽\c++实现超级玛丽\x64\debug\main.obj
e:\小游戏\c++超级玛丽\c++实现超级玛丽\c++实现超级玛丽\x64\debug\keymsg.obj
e:\小游戏\c++超级玛丽\c++实现超级玛丽\c++实现超级玛丽\x64\debug\game.obj
e:\小游戏\c++超级玛丽\c++实现超级玛丽\c++实现超级玛丽\x64\debug\enemies.obj
e:\小游戏\c++超级玛丽\c++实现超级玛丽\c++实现超级玛丽\x64\debug\dead.obj
e:\小游戏\c++超级玛丽\c++实现超级玛丽\c++实现超级玛丽\x64\debug\collider.obj
e:\小游戏\c++超级玛丽\c++实现超级玛丽\c++实现超级玛丽\x64\debug\bkground.obj
e:\小游戏\c++超级玛丽\c++实现超级玛丽\x64\debug\c++实现超级玛丽.exe
e:\小游戏\c++超级玛丽\c++实现超级玛丽\c++实现超级玛丽\x64\debug\c++实现超级玛丽.ilk
e:\小游戏\c++超级玛丽\c++实现超级玛丽\x64\debug\c++实现超级玛丽.pdb
e:\小游戏\c++超级玛丽\c++实现超级玛丽\c++实现超级玛丽\x64\debug\c++实现超级玛丽.tlog\cl.command.1.tlog
e:\小游戏\c++超级玛丽\c++实现超级玛丽\c++实现超级玛丽\x64\debug\c++实现超级玛丽.tlog\cl.read.1.tlog
e:\小游戏\c++超级玛丽\c++实现超级玛丽\c++实现超级玛丽\x64\debug\c++实现超级玛丽.tlog\cl.write.1.tlog
e:\小游戏\c++超级玛丽\c++实现超级玛丽\c++实现超级玛丽\x64\debug\c++实现超级玛丽.tlog\link.92124-cvtres.read.1.tlog
e:\小游戏\c++超级玛丽\c++实现超级玛丽\c++实现超级玛丽\x64\debug\c++实现超级玛丽.tlog\link.92124-cvtres.write.1.tlog
e:\小游戏\c++超级玛丽\c++实现超级玛丽\c++实现超级玛丽\x64\debug\c++实现超级玛丽.tlog\link.92124-rc.read.1.tlog
e:\小游戏\c++超级玛丽\c++实现超级玛丽\c++实现超级玛丽\x64\debug\c++实现超级玛丽.tlog\link.92124-rc.write.1.tlog
e:\小游戏\c++超级玛丽\c++实现超级玛丽\c++实现超级玛丽\x64\debug\c++实现超级玛丽.tlog\link.92124.read.1.tlog
e:\小游戏\c++超级玛丽\c++实现超级玛丽\c++实现超级玛丽\x64\debug\c++实现超级玛丽.tlog\link.92124.read.2.tlog
e:\小游戏\c++超级玛丽\c++实现超级玛丽\c++实现超级玛丽\x64\debug\c++实现超级玛丽.tlog\link.92124.write.1.tlog
e:\小游戏\c++超级玛丽\c++实现超级玛丽\c++实现超级玛丽\x64\debug\c++实现超级玛丽.tlog\link.command.1.tlog
e:\小游戏\c++超级玛丽\c++实现超级玛丽\c++实现超级玛丽\x64\debug\c++实现超级玛丽.tlog\link.read.1.tlog
e:\小游戏\c++超级玛丽\c++实现超级玛丽\c++实现超级玛丽\x64\debug\c++实现超级玛丽.tlog\link.write.1.tlog
